<?xml version="1.0" encoding="UTF-8"?>
<testng-results ignored="0" total="1" passed="1" failed="0" skipped="0">
  <reporter-output>
  </reporter-output>
  <suite started-at="2024-05-27T15:18:07 EDT" name="Default suite" finished-at="2024-05-27T15:18:07 EDT" duration-ms="774">
    <groups>
    </groups>
    <test started-at="2024-05-27T15:18:07 EDT" name="Default test" finished-at="2024-05-27T15:18:07 EDT" duration-ms="774">
      <class name="dstestcases.LoggerTest">
        <test-method signature="tst01_TestingLog()[pri:0, instance:dstestcases.LoggerTest@4a07d605]" started-at="2024-05-27T15:18:07 EDT" name="tst01_TestingLog" finished-at="2024-05-27T15:18:07 EDT" duration-ms="678" status="PASS">
          <reporter-output>
          </reporter-output>
        </test-method> <!-- tst01_TestingLog -->
      </class> <!-- dstestcases.LoggerTest -->
    </test> <!-- Default test -->
  </suite> <!-- Default suite -->
</testng-results>
